name,price,date,time,change,open,high,low,volume
AA,39.48,6/11/2007,9:36am,-0.18,39.67,39.69,39.45,181800
AIG,71.38,6/11/2007,9:36am,-0.15,71.29,71.60,71.15,195500
AXP,62.58,6/11/2007,9:36am,-0.46,62.79,63.00,62.57,935000
BA,98.31,6/11/2007,9:36am,+0.12,98.25,98.58,98.19,104800
C,53.08,6/11/2007,9:36am,-0.25,53.20,53.25,53.03,360900
CAT,78.29,6/11/2007,9:36am,-0.23,78.32,78.33,78.06,225400
DD,50.75,6/11/2007,9:36am,-0.38,51.13,51.14,50.69,96900
DIS,34.20,6/11/2007,9:35am,0.00,34.28,34.30,34.12,191000
GE,37.23,6/11/2007,9:36am,-0.09,37.07,37.27,37.05,694300
GM,31.44,6/11/2007,9:36am,+0.44,31.00,31.62,30.90,715429
HD,37.67,6/11/2007,9:35am,-0.28,37.78,37.83,37.62,218369
HON,57.12,6/11/2007,9:35am,-0.26,57.25,57.33,57.11,131100
HPQ,45.81,6/11/2007,9:36am,+0.11,45.80,45.85,45.46,303200
IBM,102.86,6/11/2007,9:35am,-0.21,102.87,102.99,102.50,151700
INTC,21.84,6/11/2007,9:40am,+0.01,21.70,21.85,21.69,2927268
JNJ,62.25,6/11/2007,9:35am,+0.12,62.89,62.89,62.15,343500
JPM,50.35,6/11/2007,9:36am,-0.06,50.41,50.49,50.27,351100
KO,51.65,6/11/2007,9:35am,-0.02,51.67,51.73,51.54,3981400
MCD,51.11,6/11/2007,9:35am,-0.30,51.47,51.47,51.00,169100
MMM,85.60,6/11/2007,9:35am,-0.34,85.94,85.98,85.50,190800
MO,70.09,6/11/2007,9:36am,-0.21,70.25,70.30,70.04,471200
MRK,50.21,6/11/2007,9:36am,+0.07,50.30,50.46,50.04,1453300
MSFT,30.08,6/11/2007,9:41am,+0.03,30.05,30.09,29.93,6166010
PFE,26.40,6/11/2007,9:36am,-0.12,26.50,26.50,26.34,835600
PG,62.79,6/11/2007,9:35am,-0.28,62.80,62.87,62.75,256000
T,40.03,6/11/2007,9:35am,-0.23,40.20,40.25,39.89,691400
UTX,69.81,6/11/2007,9:36am,-0.42,69.85,70.20,69.51,153900
VZ,42.92,6/11/2007,9:35am,-0.15,42.95,43.00,42.89,221000
WMT,49.78,6/11/2007,9:36am,-0.30,49.90,50.00,49.76,676200
XOM,82.50,6/11/2007,9:36am,-0.18,82.68,82.84,82.41,481200
AA,39.59,6/11/2007,9:40am,-0.07,39.67,39.69,39.43,252600
AIG,71.46,6/11/2007,9:40am,-0.07,71.29,71.60,71.15,276900
AXP,62.71,6/11/2007,9:40am,-0.33,62.79,63.00,62.42,1002100
BA,98.31,6/11/2007,9:40am,+0.12,98.25,98.58,98.17,149700
C,53.14,6/11/2007,9:40am,-0.19,53.20,53.25,53.02,546500
CAT,78.49,6/11/2007,9:40am,-0.03,78.32,78.49,78.06,262812
DD,50.85,6/11/2007,9:40am,-0.28,51.13,51.14,50.69,155000
DIS,34.36,6/11/2007,9:40am,+0.16,34.28,34.38,34.12,276900
GE,37.30,6/11/2007,9:40am,-0.02,37.07,37.32,37.05,1039900
GM,31.40,6/11/2007,9:40am,+0.40,31.00,31.62,30.90,1074079
HD,37.72,6/11/2007,9:40am,-0.23,37.78,37.83,37.62,321769
HON,57.22,6/11/2007,9:40am,-0.16,57.25,57.33,57.05,150400
HPQ,45.954,6/11/2007,9:40am,+0.254,45.80,45.98,45.46,424600
IBM,102.95,6/11/2007,9:40am,-0.12,102.87,102.99,102.50,229500
INTC,21.85,6/11/2007,9:46am,+0.02,21.70,21.86,21.69,3605793
JNJ,62.42,6/11/2007,9:40am,+0.29,62.89,62.89,62.15,433600
JPM,50.42,6/11/2007,9:40am,+0.01,50.41,50.49,50.27,461400
KO,51.67,6/11/2007,9:40am,0.00,51.67,51.73,51.54,4010650
MCD,51.42,6/11/2007,9:40am,+0.01,51.47,51.47,50.98,245800
MMM,85.45,6/11/2007,9:40am,-0.49,85.94,85.98,85.44,225500
MO,69.95,6/11/2007,9:40am,-0.35,70.25,70.30,69.95,543600
MRK,50.58,6/11/2007,9:40am,+0.44,50.30,50.63,50.04,1586100
MSFT,30.14,6/11/2007,9:46am,+0.09,30.05,30.15,29.93,6758871
PFE,26.46,6/11/2007,9:40am,-0.06,26.50,26.50,26.34,1101900
PG,62.97,6/11/2007,9:40am,-0.10,62.80,63.00,62.75,431246
T,40.19,6/11/2007,9:40am,-0.07,40.20,40.25,39.89,874100
UTX,69.88,6/11/2007,9:40am,-0.35,69.85,70.20,69.51,191800
VZ,43.06,6/11/2007,9:40am,-0.01,42.95,43.07,42.89,322700
WMT,49.72,6/11/2007,9:40am,-0.36,49.90,50.00,49.70,822700
XOM,82.41,6/11/2007,9:40am,-0.27,82.68,82.84,82.35,705500
AA,39.78,6/11/2007,9:46am,+0.12,39.67,39.7946,39.43,347300
AIG,71.41,6/11/2007,9:46am,-0.12,71.29,71.60,71.15,378000
AXP,62.87,6/11/2007,9:46am,-0.17,62.79,63.00,62.42,1033500
BA,98.50,6/11/2007,9:46am,+0.31,98.25,98.58,98.17,195100
C,53.13,6/11/2007,9:46am,-0.20,53.20,53.25,53.02,715514
CAT,78.77,6/11/2007,9:46am,+0.25,78.32,78.8128,78.06,329712
DD,50.81,6/11/2007,9:46am,-0.32,51.13,51.14,50.69,198300
DIS,34.34,6/11/2007,9:46am,+0.14,34.28,34.44,34.12,392500
GE,37.27,6/11/2007,9:46am,-0.05,37.07,37.34,37.05,1311900
GM,31.42,6/11/2007,9:46am,+0.42,31.00,31.62,30.90,1340279
HD,37.75,6/11/2007,9:46am,-0.20,37.78,37.83,37.62,459769
HON,57.20,6/11/2007,9:46am,-0.18,57.25,57.33,57.05,185700
HPQ,46.14,6/11/2007,9:46am,+0.44,45.80,46.15,45.46,797800
IBM,103.39,6/11/2007,9:46am,+0.32,102.87,103.47,102.50,413800
INTC,21.85,6/11/2007,9:50am,+0.02,21.70,21.93,21.69,4380516
JNJ,62.52,6/11/2007,9:46am,+0.39,62.89,62.89,62.15,548200
JPM,50.48,6/11/2007,9:46am,+0.07,50.41,50.55,50.27,657600
KO,51.67,6/11/2007,9:45am,0.00,51.67,51.77,51.54,4092550
MCD,51.36,6/11/2007,9:46am,-0.05,51.47,51.47,50.98,343719
MMM,85.48,6/11/2007,9:46am,-0.46,85.94,85.98,85.41,270900
MO,70.00,6/11/2007,9:46am,-0.30,70.25,70.30,69.88,723100
MRK,50.50,6/11/2007,9:46am,+0.36,50.30,50.63,50.04,1689100
MSFT,30.175,6/11/2007,9:50am,+0.125,30.05,30.20,29.93,7234309
PFE,26.48,6/11/2007,9:45am,-0.04,26.50,26.52,26.34,1363300
PG,62.89,6/11/2007,9:46am,-0.18,62.80,63.00,62.75,553446
T,40.12,6/11/2007,9:46am,-0.14,40.20,40.25,39.89,1073400
UTX,69.92,6/11/2007,9:46am,-0.31,69.85,70.20,69.51,244600
VZ,43.09,6/11/2007,9:46am,+0.02,42.95,43.17,42.89,515110
WMT,49.78,6/11/2007,9:46am,-0.30,49.90,50.00,49.65,949000
XOM,82.60,6/11/2007,9:46am,-0.08,82.68,82.84,82.35,934200
AA,40.15,6/11/2007,9:51am,+0.49,39.67,40.15,39.43,510630
AIG,71.50,6/11/2007,9:50am,-0.03,71.29,71.60,71.15,441900
AXP,62.99,6/11/2007,9:50am,-0.05,62.79,63.07,62.42,1067820
BA,98.73,6/11/2007,9:50am,+0.54,98.25,98.79,98.17,233900
C,53.15,6/11/2007,9:51am,-0.18,53.20,53.25,53.02,885114
CAT,78.88,6/11/2007,9:50am,+0.36,78.32,78.99,78.06,386652
DD,51.13,6/11/2007,9:50am,0.00,51.13,51.14,50.69,274100
DIS,34.42,6/11/2007,9:51am,+0.22,34.28,34.44,34.12,448200
GE,37.35,6/11/2007,9:50am,+0.03,37.07,37.37,37.05,1541100
GM,31.28,6/11/2007,9:50am,+0.28,31.00,31.62,30.90,1715679
HD,37.74,6/11/2007,9:51am,-0.21,37.78,37.83,37.62,553869
HON,57.30,6/11/2007,9:51am,-0.08,57.25,57.40,57.05,218000
HPQ,46.26,6/11/2007,9:51am,+0.56,45.80,46.26,45.46,1497780
IBM,103.3781,6/11/2007,9:50am,+0.3081,102.87,103.47,102.50,485800
INTC,21.83,6/11/2007,9:55am,0.00,21.70,21.93,21.69,4802496
JNJ,62.68,6/11/2007,9:51am,+0.55,62.89,62.89,62.15,756500
JPM,50.50,6/11/2007,9:50am,+0.09,50.41,50.55,50.27,851700
KO,51.79,6/11/2007,9:50am,+0.12,51.67,51.796,51.54,4175960
MCD,51.39,6/11/2007,9:50am,-0.02,51.47,51.47,50.98,407819
MMM,85.74,6/11/2007,9:50am,-0.20,85.94,85.98,85.41,311100
MO,70.08,6/11/2007,9:51am,-0.22,70.25,70.30,69.88,840100
MRK,50.45,6/11/2007,9:50am,+0.31,50.30,50.63,50.04,1830600
MSFT,30.22,6/11/2007,9:56am,+0.17,30.05,30.24,29.93,7724578
PFE,26.45,6/11/2007,9:51am,-0.07,26.50,26.52,26.34,1805950
PG,63.10,6/11/2007,9:50am,+0.03,62.80,63.10,62.75,715146
T,40.16,6/11/2007,9:50am,-0.10,40.20,40.25,39.89,1199500
UTX,70.06,6/11/2007,9:50am,-0.17,69.85,70.20,69.51,270900
VZ,43.16,6/11/2007,9:50am,+0.09,42.95,43.18,42.89,614810
WMT,49.87,6/11/2007,9:51am,-0.21,49.90,50.00,49.65,1181700
XOM,82.77,6/11/2007,9:50am,+0.09,82.68,82.86,82.35,1121100
AA,39.97,6/11/2007,9:55am,+0.31,39.67,40.18,39.43,598130
AIG,71.43,6/11/2007,9:55am,-0.10,71.29,71.60,71.15,487600
AXP,62.89,6/11/2007,9:55am,-0.15,62.79,63.07,62.42,1084520
BA,98.66,6/11/2007,9:56am,+0.47,98.25,98.79,98.17,265800
C,53.14,6/11/2007,9:56am,-0.19,53.20,53.25,53.02,954314
CAT,78.87,6/11/2007,9:55am,+0.35,78.32,78.99,78.06,425952
DD,51.18,6/11/2007,9:55am,+0.05,51.13,51.21,50.69,341500
DIS,34.39,6/11/2007,9:55am,+0.19,34.28,34.44,34.12,523200
GE,37.39,6/11/2007,9:56am,+0.07,37.07,37.40,37.05,1786900
GM,31.31,6/11/2007,9:55am,+0.31,31.00,31.62,30.90,2399379
HD,37.75,6/11/2007,9:55am,-0.20,37.78,37.83,37.62,622969
HON,57.29,6/11/2007,9:56am,-0.09,57.25,57.40,57.05,245000
HPQ,46.25,6/11/2007,9:56am,+0.55,45.80,46.27,45.46,1615680
IBM,103.60,6/11/2007,9:56am,+0.53,102.87,103.62,102.50,569900
INTC,21.85,6/11/2007,10:00am,+0.02,21.70,21.95,21.69,5440945
JNJ,62.74,6/11/2007,9:56am,+0.61,62.89,62.89,62.15,887700
JPM,50.48,6/11/2007,9:56am,+0.07,50.41,50.55,50.27,924300
KO,51.63,6/11/2007,9:56am,-0.04,51.67,51.82,51.54,4247360
MCD,51.40,6/11/2007,9:56am,-0.01,51.47,51.47,50.98,448219
MMM,85.69,6/11/2007,9:55am,-0.25,85.94,85.98,85.41,323200
MO,70.10,6/11/2007,9:56am,-0.20,70.25,70.30,69.88,932900
MRK,50.38,6/11/2007,9:55am,+0.24,50.30,50.63,50.04,1943600
MSFT,30.20,6/11/2007,10:01am,+0.15,30.05,30.24,29.93,8053754
PFE,26.48,6/11/2007,9:55am,-0.04,26.50,26.53,26.34,2029150
PG,63.07,6/11/2007,9:56am,0.00,62.80,63.10,62.75,786646
T,40.08,6/11/2007,9:56am,-0.18,40.20,40.25,39.89,1364200
UTX,70.06,6/11/2007,9:56am,-0.17,69.85,70.20,69.51,289300
VZ,43.17,6/11/2007,9:56am,+0.10,42.95,43.19,42.89,683810
WMT,49.88,6/11/2007,9:56am,-0.20,49.90,50.00,49.65,1321100
XOM,82.68,6/11/2007,9:56am,0.00,82.68,82.86,82.35,1235100
AA,39.94,6/11/2007,10:00am,+0.28,39.67,40.18,39.43,660280
AIG,71.36,6/11/2007,10:00am,-0.17,71.29,71.60,71.15,575042
AXP,62.83,6/11/2007,10:00am,-0.21,62.79,63.07,62.42,1110520
BA,98.62,6/11/2007,10:01am,+0.43,98.25,98.79,98.17,285700
C,53.06,6/11/2007,10:01am,-0.27,53.20,53.25,53.02,1030199
CAT,78.66,6/11/2007,10:00am,+0.14,78.32,78.99,78.06,452352
DD,51.09,6/11/2007,10:01am,-0.04,51.13,51.21,50.69,402900
DIS,34.33,6/11/2007,10:01am,+0.13,34.28,34.44,34.12,740300
GE,37.41,6/11/2007,10:01am,+0.09,37.07,37.41,37.05,2106900
GM,31.29,6/11/2007,10:01am,+0.29,31.00,31.62,30.90,2570679
HD,37.76,6/11/2007,10:00am,-0.19,37.78,37.83,37.62,683769
HON,57.335,6/11/2007,10:01am,-0.045,57.25,57.40,57.05,289100
HPQ,46.25,6/11/2007,10:01am,+0.55,45.80,46.29,45.46,1752080
IBM,103.51,6/11/2007,10:01am,+0.44,102.87,103.63,102.50,607300
INTC,21.85,6/11/2007,10:05am,+0.02,21.70,21.95,21.69,5955030
JNJ,62.75,6/11/2007,10:01am,+0.62,62.89,62.89,62.15,1031900
JPM,50.45,6/11/2007,10:00am,+0.04,50.41,50.55,50.27,1010000
KO,51.55,6/11/2007,10:00am,-0.12,51.67,51.82,51.54,4283460
MCD,51.34,6/11/2007,10:01am,-0.07,51.47,51.47,50.98,481919
MMM,85.75,6/11/2007,10:00am,-0.19,85.94,85.98,85.41,332600
MO,70.07,6/11/2007,10:00am,-0.23,70.25,70.30,69.88,1007630
MRK,50.32,6/11/2007,10:01am,+0.18,50.30,50.64,50.04,2165200
MSFT,30.21,6/11/2007,10:05am,+0.16,30.05,30.25,29.93,8448925
PFE,26.45,6/11/2007,10:01am,-0.07,26.50,26.53,26.34,2252150
PG,63.02,6/11/2007,10:01am,-0.05,62.80,63.10,62.75,867746
T,40.05,6/11/2007,10:01am,-0.21,40.20,40.25,39.89,1496200
UTX,70.00,6/11/2007,10:00am,-0.23,69.85,70.20,69.51,308500
VZ,43.11,6/11/2007,10:00am,+0.04,42.95,43.19,42.89,804110
WMT,49.78,6/11/2007,10:01am,-0.30,49.90,50.00,49.65,1378500
XOM,82.71,6/11/2007,10:00am,+0.03,82.68,82.86,82.35,1379100
AA,39.92,6/11/2007,10:05am,+0.26,39.67,40.18,39.43,693080
AIG,71.29,6/11/2007,10:05am,-0.24,71.29,71.60,71.15,630742
AXP,62.74,6/11/2007,10:05am,-0.30,62.79,63.07,62.42,1149120
BA,98.47,6/11/2007,10:06am,+0.28,98.25,98.79,98.17,306700
C,52.97,6/11/2007,10:06am,-0.36,53.20,53.25,52.92,1191699
CAT,78.56,6/11/2007,10:06am,+0.04,78.32,78.99,78.06,512752
DD,51.068,6/11/2007,10:05am,-0.062,51.13,51.21,50.69,490000
DIS,34.29,6/11/2007,10:05am,+0.09,34.28,34.44,34.12,790550
GE,37.36,6/11/2007,10:06am,+0.04,37.07,37.41,37.05,2388519
GM,31.35,6/11/2007,10:05am,+0.35,31.00,31.62,30.90,2770879
HD,37.75,6/11/2007,10:06am,-0.20,37.78,37.83,37.62,909569
HON,57.22,6/11/2007,10:06am,-0.16,57.25,57.40,57.05,307300
HPQ,46.22,6/11/2007,10:05am,+0.52,45.80,46.29,45.46,1904480
IBM,103.57,6/11/2007,10:05am,+0.50,102.87,103.63,102.50,666400
INTC,21.83,6/11/2007,10:10am,0.00,21.70,21.95,21.69,6319637
JNJ,62.70,6/11/2007,10:06am,+0.57,62.89,62.89,62.15,1138900
JPM,50.35,6/11/2007,10:05am,-0.06,50.41,50.55,50.27,1112900
KO,51.57,6/11/2007,10:06am,-0.10,51.67,51.82,51.53,4320060
MCD,51.31,6/11/2007,10:06am,-0.10,51.47,51.47,50.98,533219
MMM,85.76,6/11/2007,10:05am,-0.18,85.94,85.98,85.41,384000
MO,69.99,6/11/2007,10:05am,-0.31,70.25,70.30,69.88,1191130
MRK,50.35,6/11/2007,10:06am,+0.21,50.30,50.64,50.04,2250500
MSFT,30.18,6/11/2007,10:11am,+0.13,30.05,30.25,29.93,9049059
PFE,26.41,6/11/2007,10:05am,-0.11,26.50,26.53,26.34,2353550
PG,63.03,6/11/2007,10:06am,-0.04,62.80,63.10,62.75,920246
T,40.04,6/11/2007,10:06am,-0.22,40.20,40.25,39.89,1644100
UTX,69.95,6/11/2007,10:05am,-0.28,69.85,70.20,69.51,332000
VZ,43.04,6/11/2007,10:05am,-0.03,42.95,43.19,42.89,886910
WMT,49.70,6/11/2007,10:05am,-0.38,49.90,50.00,49.65,1450500
XOM,82.8681,6/11/2007,10:05am,+0.1881,82.68,82.89,82.35,1544600
AA,39.91,6/11/2007,10:11am,+0.25,39.67,40.18,39.43,755880
AIG,71.29,6/11/2007,10:11am,-0.24,71.29,71.60,71.15,706842
AXP,62.79,6/11/2007,10:10am,-0.25,62.79,63.07,62.42,1183320
BA,98.45,6/11/2007,10:11am,+0.26,98.25,98.79,98.17,344500
C,52.926,6/11/2007,10:11am,-0.404,53.20,53.25,52.91,1347199
CAT,78.58,6/11/2007,10:11am,+0.06,78.32,78.99,78.06,559652
DD,50.999,6/11/2007,10:11am,-0.131,51.13,51.21,50.69,542900
DIS,34.29,6/11/2007,10:11am,+0.09,34.28,34.44,34.12,836650
GE,37.38,6/11/2007,10:11am,+0.06,37.07,37.41,37.05,2643919
GM,31.30,6/11/2007,10:11am,+0.30,31.00,31.62,30.90,2943679
HD,37.75,6/11/2007,10:11am,-0.20,37.78,37.83,37.62,1015369
HON,57.23,6/11/2007,10:11am,-0.15,57.25,57.40,57.05,332200
HPQ,46.18,6/11/2007,10:11am,+0.48,45.80,46.29,45.46,2006780
IBM,103.35,6/11/2007,10:11am,+0.28,102.87,103.63,102.50,734000
INTC,21.83,6/11/2007,10:16am,0.00,21.70,21.95,21.69,6790042
JNJ,62.71,6/11/2007,10:11am,+0.58,62.89,62.89,62.15,1274000
JPM,50.28,6/11/2007,10:11am,-0.13,50.41,50.55,50.26,1187600
KO,51.56,6/11/2007,10:11am,-0.11,51.67,51.82,51.53,4370560
MCD,51.25,6/11/2007,10:11am,-0.16,51.47,51.47,50.98,587519
MMM,85.78,6/11/2007,10:10am,-0.16,85.94,85.98,85.41,414300
MO,69.95,6/11/2007,10:11am,-0.35,70.25,70.30,69.88,1273530
MRK,50.29,6/11/2007,10:11am,+0.15,50.30,50.64,50.04,2332500
MSFT,30.14,6/11/2007,10:16am,+0.09,30.05,30.25,29.93,9998935
PFE,26.449,6/11/2007,10:10am,-0.071,26.50,26.53,26.34,2551150
PG,63.07,6/11/2007,10:10am,0.00,62.80,63.10,62.75,1010846
T,40.04,6/11/2007,10:10am,-0.22,40.20,40.25,39.89,1922900
UTX,69.91,6/11/2007,10:11am,-0.32,69.85,70.20,69.51,354300
VZ,43.10,6/11/2007,10:10am,+0.03,42.95,43.19,42.89,998110
WMT,49.73,6/11/2007,10:11am,-0.35,49.90,50.00,49.65,1577400
XOM,83.02,6/11/2007,10:11am,+0.34,82.68,83.11,82.35,1789600
AA,39.76,6/11/2007,10:15am,+0.10,39.67,40.18,39.43,804580
AIG,71.29,6/11/2007,10:16am,-0.24,71.29,71.60,71.15,781442
AXP,62.69,6/11/2007,10:16am,-0.35,62.79,63.07,62.42,1212120
BA,98.29,6/11/2007,10:16am,+0.10,98.25,98.79,98.17,373200
C,52.91,6/11/2007,10:16am,-0.42,53.20,53.25,52.84,1455899
CAT,78.51,6/11/2007,10:16am,-0.01,78.32,78.99,78.06,607452
DD,51.02,6/11/2007,10:16am,-0.11,51.13,51.21,50.69,576600
DIS,34.25,6/11/2007,10:16am,+0.05,34.28,34.44,34.12,880150
GE,37.32,6/11/2007,10:16am,0.00,37.07,37.41,37.05,2784119
GM,31.28,6/11/2007,10:16am,+0.28,31.00,31.62,30.90,3270779
HD,37.76,6/11/2007,10:16am,-0.19,37.78,37.83,37.62,1141469
HON,57.11,6/11/2007,10:16am,-0.27,57.25,57.40,57.05,379600
HPQ,46.06,6/11/2007,10:16am,+0.36,45.80,46.29,45.46,2073280
IBM,103.17,6/11/2007,10:16am,+0.10,102.87,103.63,102.50,798600
INTC,21.84,6/11/2007,10:20am,+0.01,21.70,21.95,21.69,7235829
JNJ,62.66,6/11/2007,10:16am,+0.53,62.89,62.89,62.15,1412600
JPM,50.23,6/11/2007,10:16am,-0.18,50.41,50.55,50.20,1304200
KO,51.52,6/11/2007,10:16am,-0.15,51.67,51.82,51.50,4471160
MCD,51.17,6/11/2007,10:15am,-0.24,51.47,51.47,50.98,640119
MMM,85.69,6/11/2007,10:15am,-0.25,85.94,85.98,85.41,436200
MO,69.90,6/11/2007,10:15am,-0.40,70.25,70.30,69.88,1350130
MRK,50.375,6/11/2007,10:16am,+0.235,50.30,50.64,50.04,2501800
MSFT,30.105,6/11/2007,10:21am,+0.055,30.05,30.25,29.93,11615862
PFE,26.43,6/11/2007,10:16am,-0.09,26.50,26.53,26.34,2699150
PG,63.03,6/11/2007,10:15am,-0.04,62.80,63.10,62.75,1084346
T,40.04,6/11/2007,10:16am,-0.22,40.20,40.25,39.89,2049000
UTX,69.80,6/11/2007,10:16am,-0.43,69.85,70.20,69.51,390200
VZ,43.12,6/11/2007,10:16am,+0.05,42.95,43.19,42.89,1540810
WMT,49.71,6/11/2007,10:16am,-0.37,49.90,50.00,49.65,1700900
XOM,82.79,6/11/2007,10:16am,+0.11,82.68,83.11,82.35,1945300
AA,39.7264,6/11/2007,10:21am,+0.0664,39.67,40.18,39.43,860780
AIG,71.28,6/11/2007,10:21am,-0.25,71.29,71.60,71.15,826742
AXP,62.775,6/11/2007,10:21am,-0.265,62.79,63.07,62.42,1262720
BA,98.17,6/11/2007,10:21am,-0.02,98.25,98.79,98.15,420500
C,52.89,6/11/2007,10:20am,-0.44,53.20,53.25,52.84,1554299
CAT,78.46,6/11/2007,10:21am,-0.06,78.32,78.99,78.06,645152
DD,51.02,6/11/2007,10:20am,-0.11,51.13,51.21,50.69,616000
DIS,34.29,6/11/2007,10:21am,+0.09,34.28,34.44,34.12,961150
GE,37.31,6/11/2007,10:21am,-0.01,37.07,37.41,37.05,2994719
GM,31.16,6/11/2007,10:21am,+0.16,31.00,31.62,30.90,3450979
HD,37.75,6/11/2007,10:20am,-0.20,37.78,37.83,37.62,1239969
HON,57.14,6/11/2007,10:21am,-0.24,57.25,57.40,57.05,427800
HPQ,46.08,6/11/2007,10:21am,+0.38,45.80,46.29,45.46,2169080
IBM,103.24,6/11/2007,10:21am,+0.17,102.87,103.63,102.50,1110200
INTC,21.85,6/11/2007,10:26am,+0.02,21.70,21.95,21.69,7668158
JNJ,62.65,6/11/2007,10:21am,+0.52,62.89,62.89,62.15,1466978
JPM,50.14,6/11/2007,10:21am,-0.27,50.41,50.55,50.13,1391100
KO,51.44,6/11/2007,10:20am,-0.23,51.67,51.82,51.44,4528060
MCD,51.19,6/11/2007,10:20am,-0.22,51.47,51.47,50.98,694019
MMM,85.58,6/11/2007,10:20am,-0.36,85.94,85.98,85.41,455600
MO,69.86,6/11/2007,10:21am,-0.44,70.25,70.30,69.76,1542230
MRK,50.34,6/11/2007,10:21am,+0.20,50.30,50.64,50.04,2582400
MSFT,30.10,6/11/2007,10:26am,+0.05,30.05,30.25,29.93,12004109
PFE,26.43,6/11/2007,10:21am,-0.09,26.50,26.53,26.34,2986570
PG,63.06,6/11/2007,10:21am,-0.01,62.80,63.10,62.75,1165646
T,40.04,6/11/2007,10:20am,-0.22,40.20,40.25,39.89,2229600
UTX,69.66,6/11/2007,10:21am,-0.57,69.85,70.20,69.51,420400
VZ,43.12,6/11/2007,10:21am,+0.05,42.95,43.19,42.89,1615410
WMT,49.65,6/11/2007,10:21am,-0.43,49.90,50.00,49.65,1851200
XOM,82.84,6/11/2007,10:21am,+0.16,82.68,83.11,82.35,2132200
AA,39.63,6/11/2007,10:26am,-0.03,39.67,40.18,39.43,899080
AIG,71.30,6/11/2007,10:26am,-0.23,71.29,71.60,71.15,896542
AXP,62.80,6/11/2007,10:26am,-0.24,62.79,63.07,62.42,1296620
BA,98.04,6/11/2007,10:26am,-0.15,98.25,98.79,97.96,466900
C,52.91,6/11/2007,10:26am,-0.42,53.20,53.25,52.81,1672699
CAT,78.37,6/11/2007,10:26am,-0.15,78.32,78.99,78.06,704152
DD,50.94,6/11/2007,10:25am,-0.19,51.13,51.21,50.69,643200
DIS,34.24,6/11/2007,10:26am,+0.04,34.28,34.44,34.12,1025550
GE,37.26,6/11/2007,10:26am,-0.06,37.07,37.41,37.05,3290619
GM,31.22,6/11/2007,10:26am,+0.22,31.00,31.62,30.90,4096679
HD,37.75,6/11/2007,10:26am,-0.20,37.78,37.83,37.62,1559369
HON,57.10,6/11/2007,10:26am,-0.28,57.25,57.40,57.03,450900
HPQ,46.10,6/11/2007,10:26am,+0.40,45.80,46.29,45.46,2260680
IBM,103.20,6/11/2007,10:26am,+0.13,102.87,103.63,102.50,1147300
INTC,21.84,6/11/2007,10:31am,+0.01,21.70,21.95,21.69,8125254
JNJ,62.55,6/11/2007,10:26am,+0.42,62.89,62.89,62.15,1616778
JPM,50.14,6/11/2007,10:26am,-0.27,50.41,50.55,50.05,1498700
KO,51.39,6/11/2007,10:26am,-0.28,51.67,51.82,51.32,4607560
MCD,51.17,6/11/2007,10:25am,-0.24,51.47,51.47,50.98,740919
MMM,85.51,6/11/2007,10:26am,-0.43,85.94,85.98,85.41,478800
MO,69.85,6/11/2007,10:26am,-0.45,70.25,70.30,69.76,1670405
MRK,50.32,6/11/2007,10:25am,+0.18,50.30,50.64,50.04,2654700
MSFT,30.09,6/11/2007,10:31am,+0.04,30.05,30.25,29.93,12221463
PFE,26.39,6/11/2007,10:26am,-0.13,26.50,26.53,26.34,3224570
PG,63.04,6/11/2007,10:25am,-0.03,62.80,63.10,62.75,1243746
T,40.001,6/11/2007,10:26am,-0.259,40.20,40.25,39.89,2441800
UTX,69.63,6/11/2007,10:26am,-0.60,69.85,70.20,69.51,446700
VZ,43.12,6/11/2007,10:26am,+0.05,42.95,43.19,42.89,1681910
WMT,49.595,6/11/2007,10:26am,-0.485,49.90,50.00,49.57,1951400
XOM,82.79,6/11/2007,10:26am,+0.11,82.68,83.11,82.35,2330500
AA,39.555,6/11/2007,10:31am,-0.105,39.67,40.18,39.43,944980
AIG,71.32,6/11/2007,10:30am,-0.21,71.29,71.60,71.15,953042
AXP,62.79,6/11/2007,10:31am,-0.25,62.79,63.07,62.42,1329020
BA,97.85,6/11/2007,10:31am,-0.34,98.25,98.79,97.74,531200
C,52.92,6/11/2007,10:31am,-0.41,53.20,53.25,52.81,1746999
CAT,78.43,6/11/2007,10:30am,-0.09,78.32,78.99,78.06,751652
DD,50.88,6/11/2007,10:30am,-0.25,51.13,51.21,50.69,698200
DIS,34.21,6/11/2007,10:30am,+0.01,34.28,34.44,34.12,1097150
GE,37.28,6/11/2007,10:31am,-0.04,37.07,37.41,37.05,3653019
GM,31.15,6/11/2007,10:31am,+0.15,31.00,31.62,30.90,4256179
HD,37.75,6/11/2007,10:31am,-0.20,37.78,37.83,37.62,1712669
HON,57.09,6/11/2007,10:30am,-0.29,57.25,57.40,57.03,481100
HPQ,46.08,6/11/2007,10:30am,+0.38,45.80,46.29,45.46,2341480
IBM,103.20,6/11/2007,10:30am,+0.13,102.87,103.63,102.50,1182000
INTC,21.85,6/11/2007,10:36am,+0.02,21.70,21.95,21.69,8728776
JNJ,62.59,6/11/2007,10:31am,+0.46,62.89,62.89,62.15,1771778
JPM,50.13,6/11/2007,10:30am,-0.28,50.41,50.55,50.05,1552000
KO,51.34,6/11/2007,10:31am,-0.33,51.67,51.82,51.32,4669560
MCD,51.20,6/11/2007,10:30am,-0.21,51.47,51.47,50.98,779219
MMM,85.54,6/11/2007,10:30am,-0.40,85.94,85.98,85.41,502100
MO,69.89,6/11/2007,10:31am,-0.41,70.25,70.30,69.76,1759605
MRK,50.35,6/11/2007,10:30am,+0.21,50.30,50.64,50.04,2706300
MSFT,30.11,6/11/2007,10:36am,+0.06,30.05,30.25,29.93,12723552
PFE,26.38,6/11/2007,10:30am,-0.14,26.50,26.53,26.34,3420170
PG,63.07,6/11/2007,10:31am,0.00,62.80,63.10,62.75,1285746
T,40.05,6/11/2007,10:30am,-0.21,40.20,40.25,39.89,2609700
UTX,69.60,6/11/2007,10:31am,-0.63,69.85,70.20,69.51,500000
VZ,43.15,6/11/2007,10:30am,+0.08,42.95,43.19,42.89,1759910
WMT,49.61,6/11/2007,10:31am,-0.47,49.90,50.00,49.57,2038300
XOM,82.69,6/11/2007,10:31am,+0.01,82.68,83.11,82.35,2496800
AA,39.56,6/11/2007,10:36am,-0.10,39.67,40.18,39.43,999880
AIG,71.37,6/11/2007,10:36am,-0.16,71.29,71.60,71.15,991742
AXP,62.89,6/11/2007,10:36am,-0.15,62.79,63.07,62.42,1356220
BA,98.00,6/11/2007,10:36am,-0.19,98.25,98.79,97.74,561900
C,52.97,6/11/2007,10:36am,-0.36,53.20,53.25,52.81,1864099
CAT,78.53,6/11/2007,10:36am,+0.01,78.32,78.99,78.06,785752
DD,50.85,6/11/2007,10:35am,-0.28,51.13,51.21,50.69,754500
DIS,34.22,6/11/2007,10:36am,+0.02,34.28,34.44,34.12,1157550
GE,37.30,6/11/2007,10:36am,-0.02,37.07,37.41,37.05,3926919
GM,31.15,6/11/2007,10:36am,+0.15,31.00,31.62,30.90,4421279
HD,37.76,6/11/2007,10:36am,-0.19,37.78,37.83,37.62,1911069
HON,57.08,6/11/2007,10:36am,-0.30,57.25,57.40,57.00,530800
HPQ,46.01,6/11/2007,10:35am,+0.31,45.80,46.29,45.46,2464880
IBM,103.19,6/11/2007,10:36am,+0.12,102.87,103.63,102.50,1242400
INTC,21.88,6/11/2007,10:41am,+0.05,21.70,21.95,21.69,9039718
JNJ,62.54,6/11/2007,10:35am,+0.41,62.89,62.89,62.15,1848378
JPM,50.17,6/11/2007,10:36am,-0.24,50.41,50.55,50.05,1615800
KO,51.37,6/11/2007,10:35am,-0.30,51.67,51.82,51.32,4715160
MCD,51.19,6/11/2007,10:36am,-0.22,51.47,51.47,50.98,862419
MMM,85.60,6/11/2007,10:36am,-0.34,85.94,85.98,85.41,535100
MO,69.90,6/11/2007,10:36am,-0.40,70.25,70.30,69.76,1818105
MRK,50.405,6/11/2007,10:36am,+0.265,50.30,50.64,50.04,2773500
MSFT,30.08,6/11/2007,10:41am,+0.03,30.05,30.25,29.93,13110210
PFE,26.37,6/11/2007,10:36am,-0.15,26.50,26.53,26.34,3656096
PG,63.07,6/11/2007,10:36am,0.00,62.80,63.10,62.75,1344746
T,40.03,6/11/2007,10:36am,-0.23,40.20,40.25,39.89,2759900
UTX,69.6875,6/11/2007,10:36am,-0.5425,69.85,70.20,69.51,573400
VZ,43.17,6/11/2007,10:36am,+0.10,42.95,43.19,42.89,1809710
WMT,49.71,6/11/2007,10:36am,-0.37,49.90,50.00,49.56,2171500
XOM,82.87,6/11/2007,10:36am,+0.19,82.68,83.11,82.35,2657200
AA,39.59,6/11/2007,10:41am,-0.07,39.67,40.18,39.43,1035980
AIG,71.38,6/11/2007,10:41am,-0.15,71.29,71.60,71.15,1036342
AXP,62.99,6/11/2007,10:40am,-0.05,62.79,63.07,62.42,1401320
BA,97.98,6/11/2007,10:40am,-0.21,98.25,98.79,97.74,586200
C,53.04,6/11/2007,10:41am,-0.29,53.20,53.25,52.81,1974394
CAT,78.47,6/11/2007,10:40am,-0.05,78.32,78.99,78.06,811452
DD,50.75,6/11/2007,10:41am,-0.38,51.13,51.21,50.69,816700
DIS,34.22,6/11/2007,10:41am,+0.02,34.28,34.44,34.12,1264950
GE,37.32,6/11/2007,10:41am,0.00,37.07,37.41,37.05,4056919
GM,31.15,6/11/2007,10:41am,+0.15,31.00,31.62,30.90,4500679
HD,37.74,6/11/2007,10:40am,-0.21,37.78,37.83,37.62,1949569
HON,57.05,6/11/2007,10:40am,-0.33,57.25,57.40,57.00,566900
HPQ,45.95,6/11/2007,10:41am,+0.25,45.80,46.29,45.46,2574530
IBM,103.23,6/11/2007,10:40am,+0.16,102.87,103.63,102.50,1272000
INTC,21.88,6/11/2007,10:46am,+0.05,21.70,21.95,21.69,9537433
JNJ,62.52,6/11/2007,10:41am,+0.39,62.89,62.89,62.15,1896678
JPM,50.18,6/11/2007,10:41am,-0.23,50.41,50.55,50.05,1682000
KO,51.38,6/11/2007,10:40am,-0.29,51.67,51.82,51.32,4744560
MCD,51.20,6/11/2007,10:40am,-0.21,51.47,51.47,50.98,903219
MMM,85.61,6/11/2007,10:40am,-0.33,85.94,85.98,85.41,544900
MO,69.95,6/11/2007,10:40am,-0.35,70.25,70.30,69.76,1858005
MRK,50.49,6/11/2007,10:40am,+0.35,50.30,50.64,50.04,2889100
MSFT,30.022,6/11/2007,10:45am,-0.028,30.05,30.25,29.93,13503536
PFE,26.365,6/11/2007,10:40am,-0.155,26.50,26.53,26.34,3770896
PG,63.08,6/11/2007,10:41am,+0.01,62.80,63.12,62.75,1435146
T,39.99,6/11/2007,10:41am,-0.27,40.20,40.25,39.89,2921500
UTX,69.77,6/11/2007,10:41am,-0.46,69.85,70.20,69.51,589900
VZ,43.19,6/11/2007,10:40am,+0.12,42.95,43.19,42.89,1878010
WMT,49.625,6/11/2007,10:41am,-0.455,49.90,50.00,49.56,2239000
XOM,82.89,6/11/2007,10:40am,+0.21,82.68,83.11,82.35,2766800
AA,39.54,6/11/2007,10:46am,-0.12,39.67,40.18,39.43,1080380
AIG,71.32,6/11/2007,10:46am,-0.21,71.29,71.60,71.15,1071642
AXP,62.85,6/11/2007,10:46am,-0.19,62.79,63.07,62.42,1441520
BA,98.00,6/11/2007,10:45am,-0.19,98.25,98.79,97.74,632300
C,52.95,6/11/2007,10:46am,-0.38,53.20,53.25,52.81,2045194
CAT,78.50,6/11/2007,10:45am,-0.02,78.32,78.99,78.06,834252
DD,50.64,6/11/2007,10:46am,-0.49,51.13,51.21,50.63,893400
DIS,34.21,6/11/2007,10:45am,+0.01,34.28,34.44,34.12,1344850
GE,37.2627,6/11/2007,10:46am,-0.0573,37.07,37.41,37.05,4537419
GM,31.13,6/11/2007,10:45am,+0.13,31.00,31.62,30.90,4598979
HD,37.73,6/11/2007,10:46am,-0.22,37.78,37.83,37.62,2039969
HON,57.05,6/11/2007,10:45am,-0.33,57.25,57.40,57.00,611200
HPQ,45.89,6/11/2007,10:46am,+0.19,45.80,46.29,45.46,2729030
IBM,103.19,6/11/2007,10:46am,+0.12,102.87,103.63,102.50,1319400
INTC,21.90,6/11/2007,10:51am,+0.07,21.70,21.95,21.69,9897575
JNJ,62.42,6/11/2007,10:46am,+0.29,62.89,62.89,62.15,1948833
JPM,50.20,6/11/2007,10:46am,-0.21,50.41,50.55,50.05,1760600
KO,51.38,6/11/2007,10:46am,-0.29,51.67,51.82,51.32,4787060
MCD,51.21,6/11/2007,10:45am,-0.20,51.47,51.47,50.98,957919
MMM,85.54,6/11/2007,10:45am,-0.40,85.94,85.98,85.41,565800
MO,69.96,6/11/2007,10:45am,-0.34,70.25,70.30,69.76,1992005
MRK,50.41,6/11/2007,10:45am,+0.27,50.30,50.64,50.04,2985100
MSFT,30.04,6/11/2007,10:50am,-0.01,30.05,30.25,29.93,13852152
PFE,26.37,6/11/2007,10:46am,-0.15,26.50,26.53,26.34,4020496
PG,63.02,6/11/2007,10:45am,-0.05,62.80,63.12,62.75,1542146
T,39.95,6/11/2007,10:46am,-0.31,40.20,40.25,39.89,3119000
UTX,69.72,6/11/2007,10:45am,-0.51,69.85,70.20,69.51,611500
VZ,43.18,6/11/2007,10:45am,+0.11,42.95,43.20,42.89,1971710
WMT,49.60,6/11/2007,10:46am,-0.48,49.90,50.00,49.56,2280600
XOM,82.72,6/11/2007,10:46am,+0.04,82.68,83.11,82.35,2888400
AA,39.65,6/11/2007,10:50am,-0.01,39.67,40.18,39.43,1109080
AIG,71.44,6/11/2007,10:50am,-0.09,71.29,71.60,71.15,1102442
AXP,62.83,6/11/2007,10:50am,-0.21,62.79,63.07,62.42,1484920
BA,98.11,6/11/2007,10:51am,-0.08,98.25,98.79,97.74,653100
C,53.01,6/11/2007,10:51am,-0.32,53.20,53.25,52.81,2147094
CAT,78.56,6/11/2007,10:50am,+0.04,78.32,78.99,78.06,857252
DD,50.78,6/11/2007,10:50am,-0.35,51.13,51.21,50.62,931500
DIS,34.24,6/11/2007,10:51am,+0.04,34.28,34.44,34.12,1456950
GE,37.29,6/11/2007,10:51am,-0.03,37.07,37.41,37.05,6374978
GM,31.17,6/11/2007,10:50am,+0.17,31.00,31.62,30.90,4686579
HD,37.745,6/11/2007,10:51am,-0.205,37.78,37.83,37.62,2111769
HON,57.14,6/11/2007,10:51am,-0.24,57.25,57.40,57.00,672700
HPQ,46.03,6/11/2007,10:51am,+0.33,45.80,46.29,45.46,2822530
IBM,103.39,6/11/2007,10:51am,+0.32,102.87,103.63,102.50,1365400
INTC,21.89,6/11/2007,10:56am,+0.06,21.70,21.95,21.69,10794661
JNJ,62.60,6/11/2007,10:51am,+0.47,62.89,62.89,62.15,2051122
JPM,50.25,6/11/2007,10:50am,-0.16,50.41,50.55,50.05,1853000
KO,51.46,6/11/2007,10:51am,-0.21,51.67,51.82,51.32,4861660
MCD,51.34,6/11/2007,10:50am,-0.07,51.47,51.47,50.98,999019
MMM,85.53,6/11/2007,10:50am,-0.41,85.94,85.98,85.41,582200
MO,70.0411,6/11/2007,10:51am,-0.2589,70.25,70.30,69.76,2064105
MRK,50.48,6/11/2007,10:51am,+0.34,50.30,50.64,50.04,3053000
MSFT,30.01,6/11/2007,10:56am,-0.04,30.05,30.25,29.93,14553915
PFE,26.385,6/11/2007,10:51am,-0.135,26.50,26.53,26.34,4373096
PG,63.04,6/11/2007,10:51am,-0.03,62.80,63.12,62.75,1613346
T,39.97,6/11/2007,10:51am,-0.29,40.20,40.25,39.89,3263300
UTX,69.79,6/11/2007,10:51am,-0.44,69.85,70.20,69.51,629700
VZ,43.19,6/11/2007,10:50am,+0.12,42.95,43.20,42.89,2067610
WMT,49.70,6/11/2007,10:51am,-0.38,49.90,50.00,49.56,2349800
XOM,82.73,6/11/2007,10:51am,+0.05,82.68,83.11,82.35,2994800
AA,39.67,6/11/2007,10:56am,+0.01,39.67,40.18,39.43,1139080
AIG,71.45,6/11/2007,10:55am,-0.08,71.29,71.60,71.15,1141342
AXP,62.94,6/11/2007,10:56am,-0.10,62.79,63.07,62.42,1517420
BA,98.18,6/11/2007,10:56am,-0.01,98.25,98.79,97.74,695900
C,53.02,6/11/2007,10:56am,-0.31,53.20,53.25,52.81,2245494
CAT,78.57,6/11/2007,10:56am,+0.05,78.32,78.99,78.06,892252
DD,50.8276,6/11/2007,10:55am,-0.3024,51.13,51.21,50.62,991900
DIS,34.23,6/11/2007,10:56am,+0.03,34.28,34.44,34.12,1533350
GE,37.34,6/11/2007,10:56am,+0.02,37.07,37.41,37.05,6871678
GM,31.20,6/11/2007,10:56am,+0.20,31.00,31.62,30.90,4845779
HD,37.74,6/11/2007,10:56am,-0.21,37.78,37.83,37.62,2282669
HON,57.17,6/11/2007,10:56am,-0.21,57.25,57.40,57.00,700800
HPQ,46.07,6/11/2007,10:56am,+0.37,45.80,46.29,45.46,2941930
IBM,103.48,6/11/2007,10:56am,+0.41,102.87,103.63,102.50,1449900
INTC,21.93,6/11/2007,11:01am,+0.10,21.70,21.95,21.69,11463765
JNJ,62.47,6/11/2007,10:56am,+0.34,62.89,62.89,62.15,2184222
JPM,50.27,6/11/2007,10:56am,-0.14,50.41,50.55,50.05,1992300
KO,51.45,6/11/2007,10:56am,-0.22,51.67,51.82,51.32,4959242
MCD,51.39,6/11/2007,10:56am,-0.02,51.47,51.47,50.98,1065114
MMM,85.58,6/11/2007,10:56am,-0.36,85.94,85.98,85.41,603300
MO,70.09,6/11/2007,10:56am,-0.21,70.25,70.30,69.76,2152505
MRK,50.45,6/11/2007,10:56am,+0.31,50.30,50.64,50.04,3120700
MSFT,29.985,6/11/2007,11:01am,-0.065,30.05,30.25,29.93,15025412
PFE,26.35,6/11/2007,10:55am,-0.17,26.50,26.53,26.34,4707596
PG,63.01,6/11/2007,10:56am,-0.06,62.80,63.12,62.75,1804846
T,40.01,6/11/2007,10:56am,-0.25,40.20,40.25,39.89,3433900
UTX,69.90,6/11/2007,10:56am,-0.33,69.85,70.20,69.51,647800
VZ,43.17,6/11/2007,10:56am,+0.10,42.95,43.20,42.89,2246610
WMT,49.61,6/11/2007,10:56am,-0.47,49.90,50.00,49.56,2553200
XOM,82.90,6/11/2007,10:56am,+0.22,82.68,83.11,82.35,3157200
AA,39.65,6/11/2007,11:01am,-0.01,39.67,40.18,39.43,1162580
AIG,71.46,6/11/2007,11:01am,-0.07,71.29,71.60,71.15,1167442
AXP,62.99,6/11/2007,11:00am,-0.05,62.79,63.07,62.42,1532720
BA,98.09,6/11/2007,11:01am,-0.10,98.25,98.79,97.74,714300
C,53.11,6/11/2007,11:01am,-0.22,53.20,53.25,52.81,2344994
CAT,78.52,6/11/2007,11:00am,0.00,78.32,78.99,78.06,915752
DD,50.75,6/11/2007,11:01am,-0.38,51.13,51.21,50.62,1025100
DIS,34.22,6/11/2007,11:01am,+0.02,34.28,34.44,34.12,1567750
GE,37.32,6/11/2007,11:01am,0.00,37.07,37.41,37.05,7016378
GM,31.22,6/11/2007,11:01am,+0.22,31.00,31.62,30.90,4944879
HD,37.73,6/11/2007,11:01am,-0.22,37.78,37.83,37.62,2556369
HON,57.10,6/11/2007,11:01am,-0.28,57.25,57.40,57.00,794183
HPQ,46.06,6/11/2007,11:01am,+0.36,45.80,46.29,45.46,3023656
IBM,103.37,6/11/2007,11:01am,+0.30,102.87,103.63,102.50,1483400
INTC,21.97,6/11/2007,11:06am,+0.14,21.70,21.97,21.69,12553376
JNJ,62.46,6/11/2007,11:01am,+0.33,62.89,62.89,62.15,2309522
JPM,50.32,6/11/2007,11:01am,-0.09,50.41,50.55,50.05,2110500
KO,51.42,6/11/2007,11:01am,-0.25,51.67,51.82,51.32,5000442
MCD,51.50,6/11/2007,11:01am,+0.09,51.47,51.50,50.98,1190914
MMM,85.62,6/11/2007,11:00am,-0.32,85.94,85.98,85.41,620500
MO,70.12,6/11/2007,11:01am,-0.18,70.25,70.30,69.76,2246305
MRK,50.505,6/11/2007,11:01am,+0.365,50.30,50.64,50.04,3232600
MSFT,30.02,6/11/2007,11:06am,-0.03,30.05,30.25,29.93,15371602
PFE,26.34,6/11/2007,11:01am,-0.18,26.50,26.53,26.33,5134096
PG,62.98,6/11/2007,11:01am,-0.09,62.80,63.12,62.75,1854046
T,40.02,6/11/2007,11:01am,-0.24,40.20,40.25,39.89,3531300
UTX,69.91,6/11/2007,11:00am,-0.32,69.85,70.20,69.51,658800
VZ,43.16,6/11/2007,11:01am,+0.09,42.95,43.20,42.89,2288410
WMT,49.59,6/11/2007,11:01am,-0.49,49.90,50.00,49.56,2659033
XOM,82.98,6/11/2007,11:01am,+0.30,82.68,83.11,82.35,3296100
AA,39.60,6/11/2007,11:06am,-0.06,39.67,40.18,39.43,1189680
AIG,71.49,6/11/2007,11:06am,-0.04,71.29,71.60,71.15,1226342
AXP,63.11,6/11/2007,11:06am,+0.07,62.79,63.11,62.42,1576120
BA,98.20,6/11/2007,11:06am,+0.01,98.25,98.79,97.74,743800
C,53.17,6/11/2007,11:06am,-0.16,53.20,53.25,52.81,2445294
CAT,78.70,6/11/2007,11:06am,+0.18,78.32,78.99,78.06,950252
DD,50.73,6/11/2007,11:06am,-0.40,51.13,51.21,50.62,1165000
DIS,34.24,6/11/2007,11:06am,+0.04,34.28,34.44,34.12,1636250
GE,37.3314,6/11/2007,11:06am,+0.0114,37.07,37.41,37.05,7140328
GM,31.19,6/11/2007,11:06am,+0.19,31.00,31.62,30.90,5065479
HD,37.72,6/11/2007,11:06am,-0.23,37.78,37.83,37.62,2746169
HON,57.04,6/11/2007,11:06am,-0.34,57.25,57.40,57.00,851383
HPQ,46.09,6/11/2007,11:06am,+0.39,45.80,46.29,45.46,3113456
IBM,103.35,6/11/2007,11:05am,+0.28,102.87,103.63,102.50,1528300
INTC,21.95,6/11/2007,11:11am,+0.12,21.70,21.98,21.69,13630344
JNJ,62.45,6/11/2007,11:06am,+0.32,62.89,62.89,62.15,2409122
JPM,50.38,6/11/2007,11:06am,-0.03,50.41,50.55,50.05,2209200
KO,51.44,6/11/2007,11:05am,-0.23,51.67,51.82,51.32,5034642
MCD,51.61,6/11/2007,11:06am,+0.20,51.47,51.61,50.98,1307114
MMM,85.66,6/11/2007,11:06am,-0.28,85.94,85.98,85.41,642300
MO,70.15,6/11/2007,11:06am,-0.15,70.25,70.30,69.76,2298805
MRK,50.52,6/11/2007,11:06am,+0.38,50.30,50.64,50.04,3272300
MSFT,30.06,6/11/2007,11:11am,+0.01,30.05,30.25,29.93,15638561
PFE,26.36,6/11/2007,11:06am,-0.16,26.50,26.53,26.33,5407496
PG,62.99,6/11/2007,11:06am,-0.08,62.80,63.12,62.75,1906246
T,40.01,6/11/2007,11:06am,-0.25,40.20,40.25,39.89,3728000
UTX,69.92,6/11/2007,11:06am,-0.31,69.85,70.20,69.51,669300
VZ,43.17,6/11/2007,11:06am,+0.10,42.95,43.20,42.89,2322610
WMT,49.55,6/11/2007,11:06am,-0.53,49.90,50.00,49.55,2733633
XOM,83.08,6/11/2007,11:06am,+0.40,82.68,83.11,82.35,3448500
AA,39.52,6/11/2007,11:11am,-0.14,39.67,40.18,39.43,1258280
AIG,71.50,6/11/2007,11:11am,-0.03,71.29,71.60,71.15,1250442
AXP,63.05,6/11/2007,11:10am,+0.01,62.79,63.12,62.42,1588220
BA,98.16,6/11/2007,11:11am,-0.03,98.25,98.79,97.74,759800
C,53.18,6/11/2007,11:11am,-0.15,53.20,53.25,52.81,2614994
CAT,78.82,6/11/2007,11:11am,+0.30,78.32,78.99,78.06,992052
DD,50.72,6/11/2007,11:11am,-0.41,51.13,51.21,50.59,1241700
DIS,34.22,6/11/2007,11:11am,+0.02,34.28,34.44,34.12,1691750
GE,37.36,6/11/2007,11:11am,+0.04,37.07,37.41,37.05,7342028
GM,31.14,6/11/2007,11:10am,+0.14,31.00,31.62,30.90,5195679
HD,37.74,6/11/2007,11:11am,-0.21,37.78,37.83,37.62,2859969
HON,57.08,6/11/2007,11:10am,-0.30,57.25,57.40,57.00,888783
HPQ,46.08,6/11/2007,11:11am,+0.38,45.80,46.29,45.46,3164856
IBM,103.34,6/11/2007,11:11am,+0.27,102.87,103.63,102.50,1554100
INTC,21.92,6/11/2007,11:15am,+0.09,21.70,21.98,21.69,14546699
JNJ,62.49,6/11/2007,11:11am,+0.36,62.89,62.89,62.15,2467522
JPM,50.39,6/11/2007,11:11am,-0.02,50.41,50.55,50.05,2298000
KO,51.46,6/11/2007,11:11am,-0.21,51.67,51.82,51.32,5073542
MCD,51.60,6/11/2007,11:11am,+0.19,51.47,51.62,50.98,1438514
MMM,85.70,6/11/2007,11:11am,-0.24,85.94,85.98,85.41,673300
MO,70.2306,6/11/2007,11:11am,-0.0694,70.25,70.30,69.76,2382105
MRK,50.46,6/11/2007,11:11am,+0.32,50.30,50.64,50.04,3337000
MSFT,30.04,6/11/2007,11:16am,-0.01,30.05,30.25,29.93,15908978
PFE,26.32,6/11/2007,11:11am,-0.20,26.50,26.53,26.31,5832646
PG,62.99,6/11/2007,11:11am,-0.08,62.80,63.12,62.75,1960846
T,40.001,6/11/2007,11:11am,-0.259,40.20,40.25,39.89,3794300
UTX,69.85,6/11/2007,11:10am,-0.38,69.85,70.20,69.51,678300
VZ,43.16,6/11/2007,11:10am,+0.09,42.95,43.20,42.89,2358345
WMT,49.64,6/11/2007,11:11am,-0.44,49.90,50.00,49.55,2915433
XOM,83.09,6/11/2007,11:11am,+0.41,82.68,83.11,82.35,3609300
AA,39.48,6/11/2007,11:16am,-0.18,39.67,40.18,39.43,1290380
AIG,71.42,6/11/2007,11:16am,-0.11,71.29,71.60,71.15,1276442
AXP,63.01,6/11/2007,11:16am,-0.03,62.79,63.12,62.42,1616220
BA,98.01,6/11/2007,11:16am,-0.18,98.25,98.79,97.74,777300
C,53.23,6/11/2007,11:16am,-0.10,53.20,53.25,52.81,2793394
CAT,78.65,6/11/2007,11:16am,+0.13,78.32,78.99,78.06,1046952
DD,50.70,6/11/2007,11:16am,-0.43,51.13,51.21,50.59,1337600
DIS,34.20,6/11/2007,11:15am,0.00,34.28,34.44,34.12,1805250
GE,37.35,6/11/2007,11:16am,+0.03,37.07,37.41,37.05,7601178
GM,31.10,6/11/2007,11:15am,+0.10,31.00,31.62,30.90,5260279
HD,37.73,6/11/2007,11:16am,-0.22,37.78,37.83,37.62,2927469
